<?xml version="1.0" encoding="UTF-8"?>
<testsuite name="com.emse.spring.faircorp.service.AdressSearchServiceTest" tests="1" skipped="0" failures="0" errors="0" timestamp="2022-11-13T17:21:27" hostname="C02VC0B8HV2V" time="0.033">
  <properties/>
  <testcase name="shouldFindAdresses()" classname="com.emse.spring.faircorp.service.AdressSearchServiceTest" time="0.033"/>
  <system-out><![CDATA[2022-11-13 18:21:27.483  INFO 10298 --- [    Test worker] .a.w.c.RestClientTestContextBootstrapper : Neither @ContextConfiguration nor @ContextHierarchy found for test class [com.emse.spring.faircorp.service.AdressSearchServiceTest], using SpringBootContextLoader
2022-11-13 18:21:27.484  INFO 10298 --- [    Test worker] o.s.t.c.support.AbstractContextLoader    : Could not detect default resource locations for test class [com.emse.spring.faircorp.service.AdressSearchServiceTest]: no resource found for suffixes {-context.xml, Context.groovy}.
2022-11-13 18:21:27.484  INFO 10298 --- [    Test worker] t.c.s.AnnotationConfigContextLoaderUtils : Could not detect default configuration classes for test class [com.emse.spring.faircorp.service.AdressSearchServiceTest]: AdressSearchServiceTest does not declare any static, non-private, non-final, nested classes annotated with @Configuration.
2022-11-13 18:21:27.492  INFO 10298 --- [    Test worker] .b.t.c.SpringBootTestContextBootstrapper : Found @SpringBootConfiguration com.emse.spring.faircorp.FaircorpApplication for test class com.emse.spring.faircorp.service.AdressSearchServiceTest
2022-11-13 18:21:27.492  INFO 10298 --- [    Test worker] .a.w.c.RestClientTestContextBootstrapper : Loaded default TestExecutionListener class names from location [META-INF/spring.factories]: [org.springframework.boot.test.autoconfigure.restdocs.RestDocsTestExecutionListener, org.springframework.boot.test.autoconfigure.web.client.MockRestServiceServerResetTestExecutionListener, org.springframework.boot.test.autoconfigure.web.servlet.MockMvcPrintOnlyOnFailureTestExecutionListener, org.springframework.boot.test.autoconfigure.web.servlet.WebDriverTestExecutionListener, org.springframework.boot.test.autoconfigure.webservices.client.MockWebServiceServerTestExecutionListener, org.springframework.boot.test.mock.mockito.MockitoTestExecutionListener, org.springframework.boot.test.mock.mockito.ResetMocksTestExecutionListener, org.springframework.test.context.web.ServletTestExecutionListener, org.springframework.test.context.support.DirtiesContextBeforeModesTestExecutionListener, org.springframework.test.context.event.ApplicationEventsTestExecutionListener, org.springframework.test.context.support.DependencyInjectionTestExecutionListener, org.springframework.test.context.support.DirtiesContextTestExecutionListener, org.springframework.test.context.transaction.TransactionalTestExecutionListener, org.springframework.test.context.jdbc.SqlScriptsTestExecutionListener, org.springframework.test.context.event.EventPublishingTestExecutionListener]
2022-11-13 18:21:27.493  INFO 10298 --- [    Test worker] .a.w.c.RestClientTestContextBootstrapper : Using TestExecutionListeners: [org.springframework.test.context.web.ServletTestExecutionListener@44ba9865, org.springframework.test.context.support.DirtiesContextBeforeModesTestExecutionListener@64027866, org.springframework.test.context.event.ApplicationEventsTestExecutionListener@46b4819c, org.springframework.boot.test.mock.mockito.MockitoTestExecutionListener@1bd7dd4a, org.springframework.boot.test.autoconfigure.SpringBootDependencyInjectionTestExecutionListener@bbe07e5, org.springframework.test.context.support.DirtiesContextTestExecutionListener@7c089fbc, org.springframework.test.context.transaction.TransactionalTestExecutionListener@1e5259c0, org.springframework.test.context.jdbc.SqlScriptsTestExecutionListener@3b4aeacd, org.springframework.test.context.event.EventPublishingTestExecutionListener@40b0436e, org.springframework.boot.test.autoconfigure.restdocs.RestDocsTestExecutionListener@78fdc1bb, org.springframework.boot.test.autoconfigure.web.client.MockRestServiceServerResetTestExecutionListener@74ed1b3d, org.springframework.boot.test.autoconfigure.web.servlet.MockMvcPrintOnlyOnFailureTestExecutionListener@189d8bef, org.springframework.boot.test.autoconfigure.web.servlet.WebDriverTestExecutionListener@5af410a1, org.springframework.boot.test.autoconfigure.webservices.client.MockWebServiceServerTestExecutionListener@4c12e25d, org.springframework.boot.test.mock.mockito.ResetMocksTestExecutionListener@503a3c11]

  .   ____          _            __ _ _
 /\\ / ___'_ __ _ _(_)_ __  __ _ \ \ \ \
( ( )\___ | '_ | '_| | '_ \/ _` | \ \ \ \
 \\/  ___)| |_)| | | | | || (_| |  ) ) ) )
  '  |____| .__|_| |_|_| |_\__, | / / / /
 =========|_|==============|___/=/_/_/_/
 :: Spring Boot ::                (v2.7.3)

2022-11-13 18:21:27.522  INFO 10298 --- [    Test worker] c.e.s.f.service.AdressSearchServiceTest  : Starting AdressSearchServiceTest using Java 17.0.4.1 on C02VC0B8HV2V with PID 10298 (started by sathish.bowatta in /Users/sathish.bowatta/Documents/faircorpFrontend)
2022-11-13 18:21:27.522  INFO 10298 --- [    Test worker] c.e.s.f.service.AdressSearchServiceTest  : No active profile set, falling back to 1 default profile: "default"
2022-11-13 18:21:27.626  INFO 10298 --- [    Test worker] c.e.s.f.service.AdressSearchServiceTest  : Started AdressSearchServiceTest in 0.131 seconds (JVM running for 14.931)
]]></system-out>
  <system-err><![CDATA[]]></system-err>
</testsuite>
